<?xml version="1.0" encoding="UTF-8"?>
<testsuite xmlns:xsi="http://www.w3.org/2001/XMLSchema-instance" xsi:noNamespaceSchemaLocation="https://maven.apache.org/surefire/maven-surefire-plugin/xsd/surefire-test-report-3.0.xsd" version="3.0" name="com.sonnguyen.discovery_server.DiscoveryServerApplicationTests" time="2.698" tests="1" errors="0" skipped="0" failures="0">
  <properties>
[...]
</properties>
  <testcase name="contextLoads" classname="com.sonnguyen.discovery_server.DiscoveryServerApplicationTests" time="0.538">
    <system-out><![CDATA[Standard Commons Logging discovery in action with spring-jcl: please remove commons-logging.jar from classpath in order to avoid potential conflicts
23:28:29.880 [main] INFO org.springframework.test.context.support.AnnotationConfigContextLoaderUtils -- Could not detect default configuration classes for test class [com.sonnguyen.discovery_server.DiscoveryServerApplicationTests]: DiscoveryServerApplicationTests does not declare any static, non-private, non-final, nested classes annotated with @Configuration.
23:28:29.949 [main] INFO org.springframework.boot.test.context.SpringBootTestContextBootstrapper -- Found @SpringBootConfiguration com.sonnguyen.discovery_server.DiscoveryServerApplication for test class com.sonnguyen.discovery_server.DiscoveryServerApplicationTests

  .   ____          _            __ _ _
 /\\ / ___'_ __ _ _(_)_ __  __ _ \ \ \ \
( ( )\___ | '_ | '_| | '_ \/ _` | \ \ \ \
 \\/  ___)| |_)| | | | | || (_| |  ) ) ) )
  '  |____| .__|_| |_|_| |_\__, | / / / /
 =========|_|==============|___/=/_/_/_/

 :: Spring Boot ::                (v3.3.5)

2025-04-10T23:28:30.274+07:00  INFO 77866 --- [discovery-server] [           main] c.s.d.DiscoveryServerApplicationTests    : Starting DiscoveryServerApplicationTests using Java 23.0.2 with PID 77866 (started by nguyenthithuhoai in /Users/nguyenthithuhoai/Documents/coding/java spring/chat-apps/discovery-server)
2025-04-10T23:28:30.275+07:00  INFO 77866 --- [discovery-server] [           main] c.s.d.DiscoveryServerApplicationTests    : No active profile set, falling back to 1 default profile: "default"
2025-04-10T23:28:30.763+07:00  INFO 77866 --- [discovery-server] [           main] o.s.cloud.context.scope.GenericScope     : BeanFactory id=30f97109-d55b-3304-a3f1-52b89efd328b
2025-04-10T23:28:30.805+07:00  WARN 77866 --- [discovery-server] [           main] trationDelegate$BeanPostProcessorChecker : Bean 'org.springframework.cloud.client.loadbalancer.LoadBalancerAutoConfiguration$DeferringLoadBalancerInterceptorConfig' of type [org.springframework.cloud.client.loadbalancer.LoadBalancerAutoConfiguration$DeferringLoadBalancerInterceptorConfig] is not eligible for getting processed by all BeanPostProcessors (for example: not eligible for auto-proxying). The currently created BeanPostProcessor [lbRestClientPostProcessor] is declared through a non-static factory method on that class; consider declaring it as static instead.
2025-04-10T23:28:30.806+07:00  WARN 77866 --- [discovery-server] [           main] trationDelegate$BeanPostProcessorChecker : Bean 'deferringLoadBalancerInterceptor' of type [org.springframework.cloud.client.loadbalancer.DeferringLoadBalancerInterceptor] is not eligible for getting processed by all BeanPostProcessors (for example: not eligible for auto-proxying). Is this bean getting eagerly injected/applied to a currently created BeanPostProcessor [lbRestClientPostProcessor]? Check the corresponding BeanPostProcessor declaration and its dependencies/advisors. If this bean does not have to be post-processed, declare it with ROLE_INFRASTRUCTURE.
2025-04-10T23:28:31.439+07:00  WARN 77866 --- [discovery-server] [           main] iguration$LoadBalancerCaffeineWarnLogger : Spring Cloud LoadBalancer is currently working with the default cache. While this cache implementation is useful for development and tests, it's recommended to use Caffeine cache in production.You can switch to using Caffeine cache, by adding it and org.springframework.cache.caffeine.CaffeineCacheManager to the classpath.
2025-04-10T23:28:31.601+07:00  INFO 77866 --- [discovery-server] [           main] o.s.c.n.eureka.InstanceInfoFactory       : Setting initial instance status as: STARTING
2025-04-10T23:28:31.616+07:00  INFO 77866 --- [discovery-server] [           main] com.netflix.discovery.DiscoveryClient    : Initializing Eureka in region us-east-1
2025-04-10T23:28:31.617+07:00  INFO 77866 --- [discovery-server] [           main] com.netflix.discovery.DiscoveryClient    : Client configured to neither register nor query for data.
2025-04-10T23:28:31.618+07:00  INFO 77866 --- [discovery-server] [           main] com.netflix.discovery.DiscoveryClient    : Discovery Client initialized at timestamp 1744302511618 with initial instances count: 0
2025-04-10T23:28:31.643+07:00  INFO 77866 --- [discovery-server] [           main] c.n.eureka.DefaultEurekaServerContext    : Initializing ...
2025-04-10T23:28:31.644+07:00  INFO 77866 --- [discovery-server] [           main] c.n.eureka.cluster.PeerEurekaNodes       : Adding new peer nodes [http://localhost:8761/eureka/]
2025-04-10T23:28:31.732+07:00  INFO 77866 --- [discovery-server] [           main] c.n.d.provider.DiscoveryJerseyProvider   : Using JSON encoding codec LegacyJacksonJson
2025-04-10T23:28:31.732+07:00  INFO 77866 --- [discovery-server] [           main] c.n.d.provider.DiscoveryJerseyProvider   : Using JSON decoding codec LegacyJacksonJson
2025-04-10T23:28:31.732+07:00  INFO 77866 --- [discovery-server] [           main] c.n.d.provider.DiscoveryJerseyProvider   : Using XML encoding codec XStreamXml
2025-04-10T23:28:31.733+07:00  INFO 77866 --- [discovery-server] [           main] c.n.d.provider.DiscoveryJerseyProvider   : Using XML decoding codec XStreamXml
2025-04-10T23:28:31.764+07:00  INFO 77866 --- [discovery-server] [           main] c.n.eureka.cluster.PeerEurekaNodes       : Replica node URL:  http://localhost:8761/eureka/
2025-04-10T23:28:31.769+07:00  INFO 77866 --- [discovery-server] [           main] c.n.e.registry.AbstractInstanceRegistry  : Finished initializing remote region registries. All known remote regions: []
2025-04-10T23:28:31.769+07:00  INFO 77866 --- [discovery-server] [           main] c.n.eureka.DefaultEurekaServerContext    : Initialized
2025-04-10T23:28:31.825+07:00  INFO 77866 --- [discovery-server] [           main] o.s.b.a.e.web.EndpointLinksResolver      : Exposing 1 endpoint beneath base path '/actuator'
2025-04-10T23:28:31.857+07:00  INFO 77866 --- [discovery-server] [           main] o.s.c.n.e.s.EurekaServiceRegistry        : Registering application DISCOVERY-SERVER with eureka with status UP
2025-04-10T23:28:31.864+07:00  INFO 77866 --- [discovery-server] [      Thread-10] o.s.c.n.e.server.EurekaServerBootstrap   : isAws returned false
2025-04-10T23:28:31.864+07:00  INFO 77866 --- [discovery-server] [      Thread-10] o.s.c.n.e.server.EurekaServerBootstrap   : Initialized server context
2025-04-10T23:28:31.864+07:00  INFO 77866 --- [discovery-server] [      Thread-10] c.n.e.r.PeerAwareInstanceRegistryImpl    : Got 1 instances from neighboring DS node
2025-04-10T23:28:31.864+07:00  INFO 77866 --- [discovery-server] [      Thread-10] c.n.e.r.PeerAwareInstanceRegistryImpl    : Renew threshold is: 1
2025-04-10T23:28:31.864+07:00  INFO 77866 --- [discovery-server] [      Thread-10] c.n.e.r.PeerAwareInstanceRegistryImpl    : Changing status to UP
2025-04-10T23:28:31.865+07:00  INFO 77866 --- [discovery-server] [      Thread-10] e.s.EurekaServerInitializerConfiguration : Started Eureka Server
2025-04-10T23:28:31.876+07:00  INFO 77866 --- [discovery-server] [           main] c.s.d.DiscoveryServerApplicationTests    : Started DiscoveryServerApplicationTests in 1.81 seconds (process running for 2.373)
]]></system-out>
    <system-err><![CDATA[WARNING: A Java agent has been loaded dynamically (/Users/nguyenthithuhoai/.m2/repository/net/bytebuddy/byte-buddy-agent/1.14.19/byte-buddy-agent-1.14.19.jar)
WARNING: If a serviceability tool is in use, please run with -XX:+EnableDynamicAgentLoading to hide this warning
WARNING: If a serviceability tool is not in use, please run with -Djdk.instrument.traceUsage for more information
WARNING: Dynamic loading of agents will be disallowed by default in a future release
]]></system-err>
  </testcase>
</testsuite>