<?xml version="1.0" encoding="UTF-8"?>
<testsuite xmlns:xsi="http://www.w3.org/2001/XMLSchema-instance" xsi:noNamespaceSchemaLocation="https://maven.apache.org/surefire/maven-surefire-plugin/xsd/surefire-test-report-3.0.xsd" version="3.0" name="com.sonnguyen.presence_server.PresenceServerApplicationTests" time="1.982" tests="1" errors="0" skipped="0" failures="0">
  <properties>
[...]
</properties>
  <testcase name="contextLoads" classname="com.sonnguyen.presence_server.PresenceServerApplicationTests" time="0.543">
    <system-out><![CDATA[12:18:26.716 [main] INFO org.springframework.test.context.support.AnnotationConfigContextLoaderUtils -- Could not detect default configuration classes for test class [com.sonnguyen.presence_server.PresenceServerApplicationTests]: PresenceServerApplicationTests does not declare any static, non-private, non-final, nested classes annotated with @Configuration.
12:18:26.806 [main] INFO org.springframework.boot.test.context.SpringBootTestContextBootstrapper -- Found @SpringBootConfiguration com.sonnguyen.presence_server.PresenceServerApplication for test class com.sonnguyen.presence_server.PresenceServerApplicationTests

  .   ____          _            __ _ _
 /\\ / ___'_ __ _ _(_)_ __  __ _ \ \ \ \
( ( )\___ | '_ | '_| | '_ \/ _` | \ \ \ \
 \\/  ___)| |_)| | | | | || (_| |  ) ) ) )
  '  |____| .__|_| |_|_| |_\__, | / / / /
 =========|_|==============|___/=/_/_/_/

 :: Spring Boot ::                (v3.3.5)

2025-03-31T12:18:27.016+07:00  INFO 96260 --- [presence-server] [           main] c.s.p.PresenceServerApplicationTests     : Starting PresenceServerApplicationTests using Java 23.0.2 with PID 96260 (started by nguyenthithuhoai in /Users/nguyenthithuhoai/Documents/coding/java spring/chat-apps/presence-server)
2025-03-31T12:18:27.017+07:00  INFO 96260 --- [presence-server] [           main] c.s.p.PresenceServerApplicationTests     : No active profile set, falling back to 1 default profile: "default"
2025-03-31T12:18:27.338+07:00  INFO 96260 --- [presence-server] [           main] .s.d.r.c.RepositoryConfigurationDelegate : Multiple Spring Data modules found, entering strict repository configuration mode
2025-03-31T12:18:27.339+07:00  INFO 96260 --- [presence-server] [           main] .s.d.r.c.RepositoryConfigurationDelegate : Bootstrapping Spring Data Redis repositories in DEFAULT mode.
2025-03-31T12:18:27.356+07:00  INFO 96260 --- [presence-server] [           main] .s.d.r.c.RepositoryConfigurationDelegate : Finished Spring Data repository scanning in 9 ms. Found 0 Redis repository interfaces.
2025-03-31T12:18:28.042+07:00  INFO 96260 --- [presence-server] [           main] c.s.p.PresenceServerApplicationTests     : Started PresenceServerApplicationTests in 1.162 seconds (process running for 1.722)
]]></system-out>
    <system-err><![CDATA[WARNING: A Java agent has been loaded dynamically (/Users/nguyenthithuhoai/.m2/repository/net/bytebuddy/byte-buddy-agent/1.14.19/byte-buddy-agent-1.14.19.jar)
WARNING: If a serviceability tool is in use, please run with -XX:+EnableDynamicAgentLoading to hide this warning
WARNING: If a serviceability tool is not in use, please run with -Djdk.instrument.traceUsage for more information
WARNING: Dynamic loading of agents will be disallowed by default in a future release
]]></system-err>
  </testcase>
</testsuite>